<?xml version="1.0" encoding="UTF-8"?>
<!-- Generated by org.testng.reporters.JUnitReportReporter -->
<testsuite name="com.test.sample.SeleniumAPI2" tests="1" time="6.891" ignored="10" failures="0" timestamp="06 三月 2018 13:44:51 GMT" skipped="0" hostname="localhost" errors="0">
  <testcase name="testHightLightWebElement" time="6.891" classname="com.test.sample.SeleniumAPI2"/>
  <testcase name="testAjaxDivOption" classname="com.test.sample.SeleniumAPI2">
    <skipped/>
  </testcase> <!-- testAjaxDivOption -->
  <testcase name="testSohuMailWriteEMail" classname="com.test.sample.SeleniumAPI2">
    <skipped/>
  </testcase> <!-- testSohuMailWriteEMail -->
  <testcase name="testHandleiFrame" classname="com.test.sample.SeleniumAPI2">
    <skipped/>
  </testcase> <!-- testHandleiFrame -->
  <testcase name="scrollingByCoordinatesofAPage" classname="com.test.sample.SeleniumAPI2">
    <skipped/>
  </testcase> <!-- scrollingByCoordinatesofAPage -->
  <testcase name="scrollingToElementofPage" classname="com.test.sample.SeleniumAPI2">
    <skipped/>
  </testcase> <!-- scrollingToElementofPage -->
  <testcase name="testdataPicker" classname="com.test.sample.SeleniumAPI2">
    <skipped/>
  </testcase> <!-- testdataPicker -->
  <testcase name="testImageComparison" classname="com.test.sample.SeleniumAPI2">
    <skipped/>
  </testcase> <!-- testImageComparison -->
  <testcase name="scrollingToBottonmofApage" classname="com.test.sample.SeleniumAPI2">
    <skipped/>
  </testcase> <!-- scrollingToBottonmofApage -->
  <testcase name="JavaScriptClick" classname="com.test.sample.SeleniumAPI2">
    <skipped/>
  </testcase> <!-- JavaScriptClick -->
  <testcase name="testRobotOperateKeyboard" classname="com.test.sample.SeleniumAPI2">
    <skipped/>
  </testcase> <!-- testRobotOperateKeyboard -->
</testsuite> <!-- com.test.sample.SeleniumAPI2 -->
