<?xml version="1.0" encoding="UTF-8"?>
<!-- Generated by org.testng.reporters.JUnitReportReporter -->
<testsuite name="com.test.testng.DependTest" tests="2" time="0.008" ignored="1" failures="0" timestamp="22 二月 2018 06:45:14 GMT" skipped="0" hostname="WINDOWS-XP" errors="0">
  <testcase name="SignIn" time="0.000" classname="com.test.testng.DependTest"/>
  <testcase name="OpenBrowser" time="0.008" classname="com.test.testng.DependTest"/>
  <testcase name="LogOut" classname="com.test.testng.DependTest">
    <skipped/>
  </testcase> <!-- LogOut -->
</testsuite> <!-- com.test.testng.DependTest -->
