<?xml version="1.0" encoding="UTF-8"?>
<!-- Generated by org.testng.reporters.JUnitReportReporter -->
<testsuite name="com.test.testng.SeleniumAPI" tests="1" time="6.661" ignored="0" failures="0" timestamp="24 二月 2018 15:39:48 GMT" skipped="0" hostname="localhost" errors="0">
  <testcase name="operationDropList" time="6.661" classname="com.test.testng.SeleniumAPI"/>
</testsuite> <!-- com.test.testng.SeleniumAPI -->
