<?xml version="1.0" encoding="UTF-8"?>
<!-- Generated by org.testng.reporters.JUnitReportReporter -->
<testsuite name="com.test.testng.AssertTest" tests="1" time="9.690" ignored="0" failures="0" timestamp="22 二月 2018 08:20:40 GMT" skipped="0" hostname="WINDOWS-XP" errors="0">
  <testcase name="testSogouSearch" time="9.690" classname="com.test.testng.AssertTest"/>
</testsuite> <!-- com.test.testng.AssertTest -->
