<?xml version="1.0" encoding="UTF-8"?>
<!-- Generated by org.testng.reporters.JUnitReportReporter -->
<testsuite name="com.test.sample.SeleniumAPI" tests="1" time="3.449" ignored="29" failures="0" timestamp="02 三月 2018 03:30:41 GMT" skipped="0" hostname="WINDOWS-XP" errors="0">
  <testcase name="testCookie" time="3.449" classname="com.test.sample.SeleniumAPI"/>
  <testcase name="isElementTextPresent" classname="com.test.sample.SeleniumAPI">
    <skipped/>
  </testcase> <!-- isElementTextPresent -->
  <testcase name="executeJavaScript" classname="com.test.sample.SeleniumAPI">
    <skipped/>
  </testcase> <!-- executeJavaScript -->
  <testcase name="test2" classname="com.test.sample.SeleniumAPI">
    <skipped/>
  </testcase> <!-- test2 -->
  <testcase name="testIsElementPresent" classname="com.test.sample.SeleniumAPI">
    <skipped/>
  </testcase> <!-- testIsElementPresent -->
  <testcase name="operateMultipleOptionDropList" classname="com.test.sample.SeleniumAPI">
    <skipped/>
  </testcase> <!-- operateMultipleOptionDropList -->
  <testcase name="operationDropList" classname="com.test.sample.SeleniumAPI">
    <skipped/>
  </testcase> <!-- operationDropList -->
  <testcase name="testSearch" classname="com.test.sample.SeleniumAPI">
    <skipped/>
  </testcase> <!-- testSearch -->
  <testcase name="testHandlePrompt" classname="com.test.sample.SeleniumAPI">
    <skipped/>
  </testcase> <!-- testHandlePrompt -->
  <testcase name="operateEindowsProcess" classname="com.test.sample.SeleniumAPI">
    <skipped/>
  </testcase> <!-- operateEindowsProcess -->
  <testcase name="captureScreenInCurrentWindow" classname="com.test.sample.SeleniumAPI">
    <skipped/>
  </testcase> <!-- captureScreenInCurrentWindow -->
  <testcase name="identifyPopUpWindowByPageSource" classname="com.test.sample.SeleniumAPI">
    <skipped/>
  </testcase> <!-- identifyPopUpWindowByPageSource -->
  <testcase name="testHandleIFrame" classname="com.test.sample.SeleniumAPI">
    <skipped/>
  </testcase> <!-- testHandleIFrame -->
  <testcase name="testExplicitWait2" classname="com.test.sample.SeleniumAPI">
    <skipped/>
  </testcase> <!-- testExplicitWait2 -->
  <testcase name="testHandleFrame" classname="com.test.sample.SeleniumAPI">
    <skipped/>
  </testcase> <!-- testHandleFrame -->
  <testcase name="testHandleFrameByPageSource" classname="com.test.sample.SeleniumAPI">
    <skipped/>
  </testcase> <!-- testHandleFrameByPageSource -->
  <testcase name="testExplicitWait" classname="com.test.sample.SeleniumAPI">
    <skipped/>
  </testcase> <!-- testExplicitWait -->
  <testcase name="operateRadio" classname="com.test.sample.SeleniumAPI">
    <skipped/>
  </testcase> <!-- operateRadio -->
  <testcase name="mouseClickAndRelease" classname="com.test.sample.SeleniumAPI">
    <skipped/>
  </testcase> <!-- mouseClickAndRelease -->
  <testcase name="identifyPopUpWindowByTitle" classname="com.test.sample.SeleniumAPI">
    <skipped/>
  </testcase> <!-- identifyPopUpWindowByTitle -->
  <testcase name="roverOnElement" classname="com.test.sample.SeleniumAPI">
    <skipped/>
  </testcase> <!-- roverOnElement -->
  <testcase name="testHandleAlert" classname="com.test.sample.SeleniumAPI">
    <skipped/>
  </testcase> <!-- testHandleAlert -->
  <testcase name="getWebElementCssValue" classname="com.test.sample.SeleniumAPI">
    <skipped/>
  </testcase> <!-- getWebElementCssValue -->
  <testcase name="thestHandleconfirm" classname="com.test.sample.SeleniumAPI">
    <skipped/>
  </testcase> <!-- thestHandleconfirm -->
  <testcase name="operateCheckBox" classname="com.test.sample.SeleniumAPI">
    <skipped/>
  </testcase> <!-- operateCheckBox -->
  <testcase name="dragPageElement" classname="com.test.sample.SeleniumAPI">
    <skipped/>
  </testcase> <!-- dragPageElement -->
  <testcase name="testImplictWait" classname="com.test.sample.SeleniumAPI">
    <skipped/>
  </testcase> <!-- testImplictWait -->
  <testcase name="clickKeys" classname="com.test.sample.SeleniumAPI">
    <skipped/>
  </testcase> <!-- clickKeys -->
  <testcase name="operateBrowser" classname="com.test.sample.SeleniumAPI">
    <skipped/>
  </testcase> <!-- operateBrowser -->
  <testcase name="rightClickMouse" classname="com.test.sample.SeleniumAPI">
    <skipped/>
  </testcase> <!-- rightClickMouse -->
</testsuite> <!-- com.test.sample.SeleniumAPI -->
