<?xml version="1.0" encoding="UTF-8"?>
<!-- Generated by org.testng.reporters.JUnitReportReporter -->
<testsuite name="com.test.sample.SeleniumAPI2" tests="1" time="0.366" ignored="12" failures="0" timestamp="07 三月 2018 08:56:31 GMT" skipped="0" hostname="WINDOWS-XP" errors="0">
  <testcase name="testHandleiFrame2" time="0.366" classname="com.test.sample.SeleniumAPI2"/>
  <testcase name="testAjaxDivOption" classname="com.test.sample.SeleniumAPI2">
    <skipped/>
  </testcase> <!-- testAjaxDivOption -->
  <testcase name="testSohuMailWriteEMail" classname="com.test.sample.SeleniumAPI2">
    <skipped/>
  </testcase> <!-- testSohuMailWriteEMail -->
  <testcase name="testHandleiFrame" classname="com.test.sample.SeleniumAPI2">
    <skipped/>
  </testcase> <!-- testHandleiFrame -->
  <testcase name="scrollingByCoordinatesofAPage" classname="com.test.sample.SeleniumAPI2">
    <skipped/>
  </testcase> <!-- scrollingByCoordinatesofAPage -->
  <testcase name="scrollingToElementofPage" classname="com.test.sample.SeleniumAPI2">
    <skipped/>
  </testcase> <!-- scrollingToElementofPage -->
  <testcase name="testLog4j" classname="com.test.sample.SeleniumAPI2">
    <skipped/>
  </testcase> <!-- testLog4j -->
  <testcase name="testdataPicker" classname="com.test.sample.SeleniumAPI2">
    <skipped/>
  </testcase> <!-- testdataPicker -->
  <testcase name="testHightLightWebElement" classname="com.test.sample.SeleniumAPI2">
    <skipped/>
  </testcase> <!-- testHightLightWebElement -->
  <testcase name="testImageComparison" classname="com.test.sample.SeleniumAPI2">
    <skipped/>
  </testcase> <!-- testImageComparison -->
  <testcase name="scrollingToBottonmofApage" classname="com.test.sample.SeleniumAPI2">
    <skipped/>
  </testcase> <!-- scrollingToBottonmofApage -->
  <testcase name="JavaScriptClick" classname="com.test.sample.SeleniumAPI2">
    <skipped/>
  </testcase> <!-- JavaScriptClick -->
  <testcase name="testRobotOperateKeyboard" classname="com.test.sample.SeleniumAPI2">
    <skipped/>
  </testcase> <!-- testRobotOperateKeyboard -->
</testsuite> <!-- com.test.sample.SeleniumAPI2 -->
