<?xml version="1.0" encoding="UTF-8"?>
<!-- Generated by org.testng.reporters.JUnitReportReporter -->
<testsuite name="com.test.uimap.TestSohuMailLoginByObjectMap" tests="1" time="11.304" ignored="0" failures="0" timestamp="06 三月 2018 07:18:22 GMT" skipped="0" hostname="WINDOWS-XP" errors="0">
  <testcase name="testSohuMailLogin" time="11.304" classname="com.test.uimap.TestSohuMailLoginByObjectMap"/>
</testsuite> <!-- com.test.uimap.TestSohuMailLoginByObjectMap -->
