<?xml version="1.0" encoding="UTF-8"?>
<!-- Generated by org.testng.reporters.JUnitReportReporter -->
<testsuite name="com.test.sample.MultipleBrowserSearchTest" tests="1" time="2.661" ignored="0" failures="0" timestamp="25 二月 2018 14:16:22 GMT" skipped="0" hostname="localhost" errors="0">
  <testcase name="testSogouSearch" time="2.661" classname="com.test.sample.MultipleBrowserSearchTest"/>
</testsuite> <!-- com.test.sample.MultipleBrowserSearchTest -->
