<?xml version="1.0" encoding="UTF-8"?>
<!-- Generated by org.testng.reporters.JUnitReportReporter -->
<testsuite name="com.test.testng.Grouping" tests="5" time="0.011" ignored="0" failures="0" timestamp="22 二月 2018 05:59:33 GMT" skipped="0" hostname="WINDOWS-XP" errors="0">
  <testcase name="teacher" time="0.001" classname="com.test.testng.Grouping"/>
  <testcase name="dog" time="0.001" classname="com.test.testng.Grouping"/>
  <testcase name="student" time="0.000" classname="com.test.testng.Grouping"/>
  <testcase name="feeder" time="0.001" classname="com.test.testng.Grouping"/>
  <testcase name="cat" time="0.008" classname="com.test.testng.Grouping"/>
</testsuite> <!-- com.test.testng.Grouping -->
