<?xml version="1.0" encoding="UTF-8"?>
<!-- Generated by org.testng.reporters.JUnitReportReporter -->
<testsuite name="com.test.sample.SeleniumAPI2" tests="1" time="12.328" ignored="9" failures="0" timestamp="06 三月 2018 08:36:08 GMT" skipped="0" hostname="WINDOWS-XP" errors="0">
  <testcase name="testImageComparison" time="12.328" classname="com.test.sample.SeleniumAPI2"/>
  <testcase name="testAjaxDivOption" classname="com.test.sample.SeleniumAPI2">
    <skipped/>
  </testcase> <!-- testAjaxDivOption -->
  <testcase name="testSohuMailWriteEMail" classname="com.test.sample.SeleniumAPI2">
    <skipped/>
  </testcase> <!-- testSohuMailWriteEMail -->
  <testcase name="testHandleiFrame" classname="com.test.sample.SeleniumAPI2">
    <skipped/>
  </testcase> <!-- testHandleiFrame -->
  <testcase name="scrollingByCoordinatesofAPage" classname="com.test.sample.SeleniumAPI2">
    <skipped/>
  </testcase> <!-- scrollingByCoordinatesofAPage -->
  <testcase name="scrollingToElementofPage" classname="com.test.sample.SeleniumAPI2">
    <skipped/>
  </testcase> <!-- scrollingToElementofPage -->
  <testcase name="testdataPicker" classname="com.test.sample.SeleniumAPI2">
    <skipped/>
  </testcase> <!-- testdataPicker -->
  <testcase name="scrollingToBottonmofApage" classname="com.test.sample.SeleniumAPI2">
    <skipped/>
  </testcase> <!-- scrollingToBottonmofApage -->
  <testcase name="JavaScriptClick" classname="com.test.sample.SeleniumAPI2">
    <skipped/>
  </testcase> <!-- JavaScriptClick -->
  <testcase name="testRobotOperateKeyboard" classname="com.test.sample.SeleniumAPI2">
    <skipped/>
  </testcase> <!-- testRobotOperateKeyboard -->
</testsuite> <!-- com.test.sample.SeleniumAPI2 -->
