<?xml version="1.0" encoding="UTF-8"?>
<!-- Generated by org.testng.reporters.JUnitReportReporter -->
<testsuite name="com.test.testng.Annotation" tests="2" time="0.005" ignored="0" failures="0" timestamp="22 二月 2018 05:45:44 GMT" skipped="0" hostname="WINDOWS-XP" errors="0">
  <testcase name="testCase1" time="0.004" classname="com.test.testng.Annotation"/>
  <testcase name="testCase2" time="0.001" classname="com.test.testng.Annotation"/>
</testsuite> <!-- com.test.testng.Annotation -->
