<?xml version="1.0" encoding="UTF-8"?>
<!-- Generated by org.testng.reporters.JUnitReportReporter -->
<testsuite name="com.test.sample.SeleniumAPI" tests="1" time="2.499" ignored="8" failures="0" timestamp="26 二月 2018 08:37:27 GMT" skipped="0" hostname="WINDOWS-XP" errors="0">
  <testcase name="captureScreenInCurrentWindow" time="2.499" classname="com.test.sample.SeleniumAPI"/>
  <testcase name="operateRadio" classname="com.test.sample.SeleniumAPI">
    <skipped/>
  </testcase> <!-- operateRadio -->
  <testcase name="test2" classname="com.test.sample.SeleniumAPI">
    <skipped/>
  </testcase> <!-- test2 -->
  <testcase name="operateBrowser" classname="com.test.sample.SeleniumAPI">
    <skipped/>
  </testcase> <!-- operateBrowser -->
  <testcase name="operateMultipleOptionDropList" classname="com.test.sample.SeleniumAPI">
    <skipped/>
  </testcase> <!-- operateMultipleOptionDropList -->
  <testcase name="operationDropList" classname="com.test.sample.SeleniumAPI">
    <skipped/>
  </testcase> <!-- operationDropList -->
  <testcase name="testSearch" classname="com.test.sample.SeleniumAPI">
    <skipped/>
  </testcase> <!-- testSearch -->
  <testcase name="operateEindowsProcess" classname="com.test.sample.SeleniumAPI">
    <skipped/>
  </testcase> <!-- operateEindowsProcess -->
  <testcase name="operateCheckBox" classname="com.test.sample.SeleniumAPI">
    <skipped/>
  </testcase> <!-- operateCheckBox -->
</testsuite> <!-- com.test.sample.SeleniumAPI -->
