<?xml version="1.0" encoding="UTF-8"?>
<!-- Generated by org.testng.reporters.JUnitReportReporter -->
<testsuite name="Chrome" tests="1" time="2.671" ignored="0" failures="0" timestamp="25 二月 2018 13:39:30 GMT" skipped="0" hostname="localhost" errors="0">
  <testcase name="testGoogleSearch" time="2.671" classname="Chrome"/>
</testsuite> <!-- Chrome -->
