<?xml version="1.0" encoding="UTF-8"?>
<!-- Generated by org.testng.reporters.JUnitReportReporter -->
<testsuite name="com.test.sample.SeleniumAPI2" tests="1" time="0.783" ignored="1" failures="0" timestamp="03 三月 2018 11:48:56 GMT" skipped="0" hostname="localhost" errors="0">
  <testcase name="testAjaxDivOption" time="0.783" classname="com.test.sample.SeleniumAPI2"/>
  <testcase name="testHandleiFrame" classname="com.test.sample.SeleniumAPI2">
    <skipped/>
  </testcase> <!-- testHandleiFrame -->
</testsuite> <!-- com.test.sample.SeleniumAPI2 -->
