<?xml version="1.0" encoding="UTF-8"?>
<!-- Generated by org.testng.reporters.JUnitReportReporter -->
<testsuite name="com.test.sample.SeleniumAPI" tests="1" time="4.352" ignored="11" failures="0" timestamp="26 二月 2018 13:58:37 GMT" skipped="0" hostname="localhost" errors="0">
  <testcase name="dragPageElement" time="4.352" classname="com.test.sample.SeleniumAPI"/>
  <testcase name="isElementTextPresent" classname="com.test.sample.SeleniumAPI">
    <skipped/>
  </testcase> <!-- isElementTextPresent -->
  <testcase name="operateRadio" classname="com.test.sample.SeleniumAPI">
    <skipped/>
  </testcase> <!-- operateRadio -->
  <testcase name="executeJavaScript" classname="com.test.sample.SeleniumAPI">
    <skipped/>
  </testcase> <!-- executeJavaScript -->
  <testcase name="test2" classname="com.test.sample.SeleniumAPI">
    <skipped/>
  </testcase> <!-- test2 -->
  <testcase name="operateBrowser" classname="com.test.sample.SeleniumAPI">
    <skipped/>
  </testcase> <!-- operateBrowser -->
  <testcase name="operateMultipleOptionDropList" classname="com.test.sample.SeleniumAPI">
    <skipped/>
  </testcase> <!-- operateMultipleOptionDropList -->
  <testcase name="operationDropList" classname="com.test.sample.SeleniumAPI">
    <skipped/>
  </testcase> <!-- operationDropList -->
  <testcase name="testSearch" classname="com.test.sample.SeleniumAPI">
    <skipped/>
  </testcase> <!-- testSearch -->
  <testcase name="operateEindowsProcess" classname="com.test.sample.SeleniumAPI">
    <skipped/>
  </testcase> <!-- operateEindowsProcess -->
  <testcase name="captureScreenInCurrentWindow" classname="com.test.sample.SeleniumAPI">
    <skipped/>
  </testcase> <!-- captureScreenInCurrentWindow -->
  <testcase name="operateCheckBox" classname="com.test.sample.SeleniumAPI">
    <skipped/>
  </testcase> <!-- operateCheckBox -->
</testsuite> <!-- com.test.sample.SeleniumAPI -->
