<?xml version="1.0" encoding="UTF-8"?>
<!-- Generated by org.testng.reporters.JUnitReportReporter -->
<testsuite name="com.test.sample.SeleniumAPI2" tests="3" time="10.698" ignored="4" failures="0" timestamp="05 三月 2018 14:27:03 GMT" skipped="0" hostname="localhost" errors="0">
  <testcase name="scrollingToElementofPage" time="3.046" classname="com.test.sample.SeleniumAPI2"/>
  <testcase name="scrollingToBottonmofApage" time="4.640" classname="com.test.sample.SeleniumAPI2"/>
  <testcase name="scrollingByCoordinatesofAPage" time="3.012" classname="com.test.sample.SeleniumAPI2"/>
  <testcase name="testAjaxDivOption" classname="com.test.sample.SeleniumAPI2">
    <skipped/>
  </testcase> <!-- testAjaxDivOption -->
  <testcase name="testHandleiFrame" classname="com.test.sample.SeleniumAPI2">
    <skipped/>
  </testcase> <!-- testHandleiFrame -->
  <testcase name="testdataPicker" classname="com.test.sample.SeleniumAPI2">
    <skipped/>
  </testcase> <!-- testdataPicker -->
  <testcase name="JavaScriptClick" classname="com.test.sample.SeleniumAPI2">
    <skipped/>
  </testcase> <!-- JavaScriptClick -->
</testsuite> <!-- com.test.sample.SeleniumAPI2 -->
