<?xml version="1.0" encoding="UTF-8"?>
<!-- Generated by org.testng.reporters.JUnitReportReporter -->
<testsuite name="com.test.sample.SeleniumAPI" tests="1" time="2.312" ignored="6" failures="0" timestamp="26 二月 2018 07:52:36 GMT" skipped="0" hostname="WINDOWS-XP" errors="0">
  <testcase name="operateCheckBox" time="2.312" classname="com.test.sample.SeleniumAPI"/>
  <testcase name="operateRadio" classname="com.test.sample.SeleniumAPI">
    <skipped/>
  </testcase> <!-- operateRadio -->
  <testcase name="test2" classname="com.test.sample.SeleniumAPI">
    <skipped/>
  </testcase> <!-- test2 -->
  <testcase name="operateBrowser" classname="com.test.sample.SeleniumAPI">
    <skipped/>
  </testcase> <!-- operateBrowser -->
  <testcase name="operateMultipleOptionDropList" classname="com.test.sample.SeleniumAPI">
    <skipped/>
  </testcase> <!-- operateMultipleOptionDropList -->
  <testcase name="operationDropList" classname="com.test.sample.SeleniumAPI">
    <skipped/>
  </testcase> <!-- operationDropList -->
  <testcase name="testSearch" classname="com.test.sample.SeleniumAPI">
    <skipped/>
  </testcase> <!-- testSearch -->
</testsuite> <!-- com.test.sample.SeleniumAPI -->
