<?xml version="1.0" encoding="UTF-8"?>
<!-- Generated by org.testng.reporters.JUnitReportReporter -->
<testsuite name="com.test.testng.FirstTestNGDemo" tests="1" time="5.927" ignored="0" failures="0" timestamp="22 二月 2018 03:02:36 GMT" skipped="0" hostname="WINDOWS-XP" errors="0">
  <testcase name="testSearch" time="5.927" classname="com.test.testng.FirstTestNGDemo"/>
</testsuite> <!-- com.test.testng.FirstTestNGDemo -->
