<?xml version="1.0" encoding="UTF-8"?>
<!-- Generated by org.testng.reporters.JUnitReportReporter -->
<testsuite name="com.test.testng.TEST" tests="1" time="0.008" ignored="0" failures="0" timestamp="22 二月 2018 02:33:32 GMT" skipped="0" hostname="WINDOWS-XP" errors="0">
  <testcase name="f" time="0.008" classname="com.test.testng.TEST"/>
</testsuite> <!-- com.test.testng.TEST -->
