<?xml version="1.0" encoding="UTF-8"?>
<!-- Generated by org.testng.reporters.JUnitReportReporter -->
<testsuite name="com.test.sample.SeleniumAPI" tests="1" time="0.287" ignored="18" failures="0" timestamp="27 二月 2018 08:56:27 GMT" skipped="0" hostname="WINDOWS-XP" errors="0">
  <testcase name="testExplicitWait" time="0.287" classname="com.test.sample.SeleniumAPI"/>
  <testcase name="getWebElementCssValue" classname="com.test.sample.SeleniumAPI">
    <skipped/>
  </testcase> <!-- getWebElementCssValue -->
  <testcase name="isElementTextPresent" classname="com.test.sample.SeleniumAPI">
    <skipped/>
  </testcase> <!-- isElementTextPresent -->
  <testcase name="executeJavaScript" classname="com.test.sample.SeleniumAPI">
    <skipped/>
  </testcase> <!-- executeJavaScript -->
  <testcase name="test2" classname="com.test.sample.SeleniumAPI">
    <skipped/>
  </testcase> <!-- test2 -->
  <testcase name="operateMultipleOptionDropList" classname="com.test.sample.SeleniumAPI">
    <skipped/>
  </testcase> <!-- operateMultipleOptionDropList -->
  <testcase name="operationDropList" classname="com.test.sample.SeleniumAPI">
    <skipped/>
  </testcase> <!-- operationDropList -->
  <testcase name="testSearch" classname="com.test.sample.SeleniumAPI">
    <skipped/>
  </testcase> <!-- testSearch -->
  <testcase name="operateEindowsProcess" classname="com.test.sample.SeleniumAPI">
    <skipped/>
  </testcase> <!-- operateEindowsProcess -->
  <testcase name="captureScreenInCurrentWindow" classname="com.test.sample.SeleniumAPI">
    <skipped/>
  </testcase> <!-- captureScreenInCurrentWindow -->
  <testcase name="operateCheckBox" classname="com.test.sample.SeleniumAPI">
    <skipped/>
  </testcase> <!-- operateCheckBox -->
  <testcase name="dragPageElement" classname="com.test.sample.SeleniumAPI">
    <skipped/>
  </testcase> <!-- dragPageElement -->
  <testcase name="operateRadio" classname="com.test.sample.SeleniumAPI">
    <skipped/>
  </testcase> <!-- operateRadio -->
  <testcase name="testImplictWait" classname="com.test.sample.SeleniumAPI">
    <skipped/>
  </testcase> <!-- testImplictWait -->
  <testcase name="mouseClickAndRelease" classname="com.test.sample.SeleniumAPI">
    <skipped/>
  </testcase> <!-- mouseClickAndRelease -->
  <testcase name="clickKeys" classname="com.test.sample.SeleniumAPI">
    <skipped/>
  </testcase> <!-- clickKeys -->
  <testcase name="operateBrowser" classname="com.test.sample.SeleniumAPI">
    <skipped/>
  </testcase> <!-- operateBrowser -->
  <testcase name="rightClickMouse" classname="com.test.sample.SeleniumAPI">
    <skipped/>
  </testcase> <!-- rightClickMouse -->
  <testcase name="roverOnElement" classname="com.test.sample.SeleniumAPI">
    <skipped/>
  </testcase> <!-- roverOnElement -->
</testsuite> <!-- com.test.sample.SeleniumAPI -->
